This is pdfTeX, Version 3.141592653-2.6-1.40.24 (MiKTeX 22.10) (preloaded format=pdflatex 2023.2.6)  1 JUN 2024 12:57
entering extended mode
 restricted \write18 enabled.
 %&-line parsing enabled.
**"D:/UNIPD/Lessons/3D Data Processing/3DP_lab_3/report/Report.tex"
(D:/UNIPD/Lessons/3D Data Processing/3DP_lab_3/report/Report.tex
LaTeX2e <2022-06-01> patch level 5
L3 programming layer <2022-09-28>
(C:\Users\pooya\AppData\Local\Programs\MiKTeX\tex/latex/base\article.cls
Document Class: article 2021/10/04 v1.4n Standard LaTeX document class
(C:\Users\pooya\AppData\Local\Programs\MiKTeX\tex/latex/base\size10.clo
File: size10.clo 2021/10/04 v1.4n Standard LaTeX file (size option)
)
\c@part=\count185
\c@section=\count186
\c@subsection=\count187
\c@subsubsection=\count188
\c@paragraph=\count189
\c@subparagraph=\count190
\c@figure=\count191
\c@table=\count192
\abovecaptionskip=\skip47
\belowcaptionskip=\skip48
\bibindent=\dimen138
)
(C:\Users\pooya\AppData\Local\Programs\MiKTeX\tex/latex/graphics\graphicx.sty
Package: graphicx 2021/09/16 v1.2d Enhanced LaTeX Graphics (DPC,SPQR)

(C:\Users\pooya\AppData\Local\Programs\MiKTeX\tex/latex/graphics\keyval.sty
Package: keyval 2022/05/29 v1.15 key=value parser (DPC)
\KV@toks@=\toks16
)
(C:\Users\pooya\AppData\Local\Programs\MiKTeX\tex/latex/graphics\graphics.sty
Package: graphics 2022/03/10 v1.4e Standard LaTeX Graphics (DPC,SPQR)

(C:\Users\pooya\AppData\Local\Programs\MiKTeX\tex/latex/graphics\trig.sty
Package: trig 2021/08/11 v1.11 sin cos tan (DPC)
)
(C:\Users\pooya\AppData\Local\Programs\MiKTeX\tex/latex/graphics-cfg\graphics.c
fg
File: graphics.cfg 2016/06/04 v1.11 sample graphics configuration
)
Package graphics Info: Driver file: pdftex.def on input line 107.

(C:\Users\pooya\AppData\Local\Programs\MiKTeX\tex/latex/graphics-def\pdftex.def
File: pdftex.def 2022/09/22 v1.2b Graphics/color driver for pdftex
\stockwidth=\dimen139
\stockheight=\dimen140
))
\Gin@req@height=\dimen141
\Gin@req@width=\dimen142
) (C:\Users\pooya\AppData\Local\Programs\MiKTeX\tex/latex/amsmath\amsmath.sty
Package: amsmath 2022/04/08 v2.17n AMS math features
\@mathmargin=\skip49
For additional information on amsmath, use the `?' option.
(C:\Users\pooya\AppData\Local\Programs\MiKTeX\tex/latex/amsmath\amstext.sty
Package: amstext 2021/08/26 v2.01 AMS text

(C:\Users\pooya\AppData\Local\Programs\MiKTeX\tex/latex/amsmath\amsgen.sty
File: amsgen.sty 1999/11/30 v2.0 generic functions
\@emptytoks=\toks17
\ex@=\dimen143
))
(C:\Users\pooya\AppData\Local\Programs\MiKTeX\tex/latex/amsmath\amsbsy.sty
Package: amsbsy 1999/11/29 v1.2d Bold Symbols
\pmbraise@=\dimen144
)
(C:\Users\pooya\AppData\Local\Programs\MiKTeX\tex/latex/amsmath\amsopn.sty
Package: amsopn 2022/04/08 v2.04 operator names
)
\inf@bad=\count193
LaTeX Info: Redefining \frac on input line 234.
\uproot@=\count194
\leftroot@=\count195
LaTeX Info: Redefining \overline on input line 399.
LaTeX Info: Redefining \colon on input line 410.
\classnum@=\count196
\DOTSCASE@=\count197
LaTeX Info: Redefining \ldots on input line 496.
LaTeX Info: Redefining \dots on input line 499.
LaTeX Info: Redefining \cdots on input line 620.
\Mathstrutbox@=\box51
\strutbox@=\box52
LaTeX Info: Redefining \big on input line 722.
LaTeX Info: Redefining \Big on input line 723.
LaTeX Info: Redefining \bigg on input line 724.
LaTeX Info: Redefining \Bigg on input line 725.
\big@size=\dimen145
LaTeX Font Info:    Redeclaring font encoding OML on input line 743.
LaTeX Font Info:    Redeclaring font encoding OMS on input line 744.
\macc@depth=\count198
LaTeX Info: Redefining \bmod on input line 905.
LaTeX Info: Redefining \pmod on input line 910.
LaTeX Info: Redefining \smash on input line 940.
LaTeX Info: Redefining \relbar on input line 970.
LaTeX Info: Redefining \Relbar on input line 971.
\c@MaxMatrixCols=\count199
\dotsspace@=\muskip16
\c@parentequation=\count266
\dspbrk@lvl=\count267
\tag@help=\toks18
\row@=\count268
\column@=\count269
\maxfields@=\count270
\andhelp@=\toks19
\eqnshift@=\dimen146
\alignsep@=\dimen147
\tagshift@=\dimen148
\tagwidth@=\dimen149
\totwidth@=\dimen150
\lineht@=\dimen151
\@envbody=\toks20
\multlinegap=\skip50
\multlinetaggap=\skip51
\mathdisplay@stack=\toks21
LaTeX Info: Redefining \[ on input line 2953.
LaTeX Info: Redefining \] on input line 2954.
)
(C:\Users\pooya\AppData\Local\Programs\MiKTeX\tex/latex/l3backend\l3backend-pdf
tex.def
File: l3backend-pdftex.def 2022-09-28 L3 backend support: PDF output (pdfTeX)
\l__color_backend_stack_int=\count271
\l__pdf_internal_box=\box53
)
No file Report.aux.
\openout1 = `Report.aux'.

LaTeX Font Info:    Checking defaults for OML/cmm/m/it on input line 9.
LaTeX Font Info:    ... okay on input line 9.
LaTeX Font Info:    Checking defaults for OMS/cmsy/m/n on input line 9.
LaTeX Font Info:    ... okay on input line 9.
LaTeX Font Info:    Checking defaults for OT1/cmr/m/n on input line 9.
LaTeX Font Info:    ... okay on input line 9.
LaTeX Font Info:    Checking defaults for T1/cmr/m/n on input line 9.
LaTeX Font Info:    ... okay on input line 9.
LaTeX Font Info:    Checking defaults for TS1/cmr/m/n on input line 9.
LaTeX Font Info:    ... okay on input line 9.
LaTeX Font Info:    Checking defaults for OMX/cmex/m/n on input line 9.
LaTeX Font Info:    ... okay on input line 9.
LaTeX Font Info:    Checking defaults for U/cmr/m/n on input line 9.
LaTeX Font Info:    ... okay on input line 9.

(C:\Users\pooya\AppData\Local\Programs\MiKTeX\tex/context/base/mkii\supp-pdf.mk
ii
[Loading MPS to PDF converter (version 2006.09.02).]
\scratchcounter=\count272
\scratchdimen=\dimen152
\scratchbox=\box54
\nofMPsegments=\count273
\nofMParguments=\count274
\everyMPshowfont=\toks22
\MPscratchCnt=\count275
\MPscratchDim=\dimen153
\MPnumerator=\count276
\makeMPintoPDFobject=\count277
\everyMPtoPDFconversion=\toks23
)
(C:\Users\pooya\AppData\Local\Programs\MiKTeX\tex/latex/epstopdf-pkg\epstopdf-b
ase.sty
Package: epstopdf-base 2020-01-24 v2.11 Base part for package epstopdf

(C:\Users\pooya\AppData\Local\Programs\MiKTeX\tex/generic/infwarerr\infwarerr.s
ty
Package: infwarerr 2019/12/03 v1.5 Providing info/warning/error messages (HO)
) (C:\Users\pooya\AppData\Local\Programs\MiKTeX\tex/latex/grfext\grfext.sty
Package: grfext 2019/12/03 v1.3 Manage graphics extensions (HO)

(C:\Users\pooya\AppData\Local\Programs\MiKTeX\tex/generic/kvdefinekeys\kvdefine
keys.sty
Package: kvdefinekeys 2019-12-19 v1.6 Define keys (HO)
))
(C:\Users\pooya\AppData\Local\Programs\MiKTeX\tex/latex/kvoptions\kvoptions.sty
Package: kvoptions 2022-06-15 v3.15 Key value format for package options (HO)
(C:\Users\pooya\AppData\Local\Programs\MiKTeX\tex/generic/ltxcmds\ltxcmds.sty
Package: ltxcmds 2020-05-10 v1.25 LaTeX kernel commands for general use (HO)
)
(C:\Users\pooya\AppData\Local\Programs\MiKTeX\tex/latex/kvsetkeys\kvsetkeys.sty
Package: kvsetkeys 2022-10-05 v1.19 Key value parser (HO)
))
(C:\Users\pooya\AppData\Local\Programs\MiKTeX\tex/generic/pdftexcmds\pdftexcmds
.sty
Package: pdftexcmds 2020-06-27 v0.33 Utility functions of pdfTeX for LuaTeX (HO
)
 (C:\Users\pooya\AppData\Local\Programs\MiKTeX\tex/generic/iftex\iftex.sty
Package: iftex 2022/02/03 v1.0f TeX engine tests
)
Package pdftexcmds Info: \pdf@primitive is available.
Package pdftexcmds Info: \pdf@ifprimitive is available.
Package pdftexcmds Info: \pdfdraftmode found.
)
Package epstopdf-base Info: Redefining graphics rule for `.eps' on input line 4
85.
Package grfext Info: Graphics extension search list:
(grfext)             [.pdf,.png,.jpg,.mps,.jpeg,.jbig2,.jb2,.PDF,.PNG,.JPG,.JPE
G,.JBIG2,.JB2,.eps]
(grfext)             \AppendGraphicsExtensions on input line 504.

(C:\Users\pooya\AppData\Local\Programs\MiKTeX\tex/latex/00miktex\epstopdf-sys.c
fg
File: epstopdf-sys.cfg 2021/03/18 v2.0 Configuration of epstopdf for MiKTeX
))
Overfull \hbox (49.11098pt too wide) in paragraph at lines 17--18
\OT1/cmr/m/n/10 The im-ple-men-ta-tion fo-cused on com-plet-ing the fol-low-ing
 meth-ods in the \OT1/cmtt/m/n/10 registration.cpp
 []


Overfull \hbox (17.70018pt too wide) in paragraph at lines 22--23
[]\OT1/cmtt/m/n/10 get[]lm[]icp[]registration(...)\OT1/cmr/m/n/10 : This method
 uses the Levenberg-Marquardt
 []


LaTeX Warning: Reference `fig:dataset1' on page 1 undefined on input line 30.


LaTeX Warning: Reference `fig:dataset2' on page 1 undefined on input line 30.


! LaTeX Error: Environment subfigure undefined.

See the LaTeX manual or LaTeX Companion for explanation.
Type  H <return>  for immediate help.
 ...                                              
                                                  
l.35     \begin{subfigure}
                          [b]{0.3\textwidth}
? 
! Missing number, treated as zero.
<to be read again> 
                   }
l.35     \begin{subfigure}[b]{0.3\textwidth}
                                            
? 
! Illegal unit of measure (pt inserted).
<to be read again> 
                   }
l.35     \begin{subfigure}[b]{0.3\textwidth}
                                            
? 
<bunny1.png, id=1, 572.89032pt x 462.97969pt>
File: bunny1.png Graphic file (type png)
<use bunny1.png>
Package pdftex.def Info: bunny1.png  used on input line 36.
(pdftex.def)             Requested size: 345.0pt x 278.8143pt.

! LaTeX Error: \begin{figure} on input line 33 ended by \end{subfigure}.

See the LaTeX manual or LaTeX Companion for explanation.
Type  H <return>  for immediate help.
 ...                                              
                                                  
l.38     \end{subfigure}
                        
? 

! LaTeX Error: Environment subfigure undefined.

See the LaTeX manual or LaTeX Companion for explanation.
Type  H <return>  for immediate help.
 ...                                              
                                                  
l.39     \begin{subfigure}
                          [b]{0.3\textwidth}
? 
! Missing number, treated as zero.
<to be read again> 
                   }
l.39     \begin{subfigure}[b]{0.3\textwidth}
                                            
? 
! Illegal unit of measure (pt inserted).
<to be read again> 
                   }
l.39     \begin{subfigure}[b]{0.3\textwidth}
                                            
? 
<dragon1.png, id=3, 702.37407pt x 459.21562pt>
File: dragon1.png Graphic file (type png)
<use dragon1.png>
Package pdftex.def Info: dragon1.png  used on input line 40.
(pdftex.def)             Requested size: 345.0pt x 225.57117pt.

! LaTeX Error: \begin{figure} on input line 33 ended by \end{subfigure}.

See the LaTeX manual or LaTeX Companion for explanation.
Type  H <return>  for immediate help.
 ...                                              
                                                  
l.42     \end{subfigure}
                        
? 

! LaTeX Error: Environment subfigure undefined.

See the LaTeX manual or LaTeX Companion for explanation.
Type  H <return>  for immediate help.
 ...                                              
                                                  
l.43     \begin{subfigure}
                          [b]{0.3\textwidth}
? 
! Missing number, treated as zero.
<to be read again> 
                   }
l.43     \begin{subfigure}[b]{0.3\textwidth}
                                            
? 
! Illegal unit of measure (pt inserted).
<to be read again> 
                   }
l.43     \begin{subfigure}[b]{0.3\textwidth}
                                            
? 
<vase1.png, id=4, 628.59843pt x 456.20438pt>
File: vase1.png Graphic file (type png)
<use vase1.png>
Package pdftex.def Info: vase1.png  used on input line 44.
(pdftex.def)             Requested size: 345.0pt x 250.38412pt.

! LaTeX Error: \begin{figure} on input line 33 ended by \end{subfigure}.

See the LaTeX manual or LaTeX Companion for explanation.
Type  H <return>  for immediate help.
 ...                                              
                                                  
l.46     \end{subfigure}
                        
? 

! LaTeX Error: Environment subfigure undefined.

See the LaTeX manual or LaTeX Companion for explanation.
Type  H <return>  for immediate help.
 ...                                              
                                                  
l.48     \begin{subfigure}
                          [b]{0.3\textwidth}
? 
! Missing number, treated as zero.
<to be read again> 
                   }
l.48     \begin{subfigure}[b]{0.3\textwidth}
                                            
? 
! Illegal unit of measure (pt inserted).
<to be read again> 
                   }
l.48     \begin{subfigure}[b]{0.3\textwidth}
                                            
? 
<bunny2.png, id=5, 679.03688pt x 499.8675pt>
File: bunny2.png Graphic file (type png)
<use bunny2.png>
Package pdftex.def Info: bunny2.png  used on input line 49.
(pdftex.def)             Requested size: 345.0pt x 253.968pt.

! LaTeX Error: \begin{figure} on input line 33 ended by \end{subfigure}.

See the LaTeX manual or LaTeX Companion for explanation.
Type  H <return>  for immediate help.
 ...                                              
                                                  
l.51     \end{subfigure}
                        
? 

! LaTeX Error: Environment subfigure undefined.

See the LaTeX manual or LaTeX Companion for explanation.
Type  H <return>  for immediate help.
 ...                                              
                                                  
l.52     \begin{subfigure}
                          [b]{0.3\textwidth}
? 
! Missing number, treated as zero.
<to be read again> 
                   }
l.52     \begin{subfigure}[b]{0.3\textwidth}
                                            
? 
! Illegal unit of measure (pt inserted).
<to be read again> 
                   }
l.52     \begin{subfigure}[b]{0.3\textwidth}
                                            
? 
<dragon2.png, id=6, 478.78876pt x 373.395pt>
File: dragon2.png Graphic file (type png)
<use dragon2.png>
Package pdftex.def Info: dragon2.png  used on input line 53.
(pdftex.def)             Requested size: 345.0pt x 269.05501pt.

! LaTeX Error: \begin{figure} on input line 33 ended by \end{subfigure}.

See the LaTeX manual or LaTeX Companion for explanation.
Type  H <return>  for immediate help.
 ...                                              
                                                  
l.55     \end{subfigure}
                        
? 

! LaTeX Error: Environment subfigure undefined.

See the LaTeX manual or LaTeX Companion for explanation.
Type  H <return>  for immediate help.
 ...                                              
                                                  
l.56     \begin{subfigure}
                          [b]{0.3\textwidth}
? 
! Missing number, treated as zero.
<to be read again> 
                   }
l.56     \begin{subfigure}[b]{0.3\textwidth}
                                            
? 
! Illegal unit of measure (pt inserted).
<to be read again> 
                   }
l.56     \begin{subfigure}[b]{0.3\textwidth}
                                            
? 
<vase2.png, id=7, 699.36281pt x 550.30594pt>
File: vase2.png Graphic file (type png)
<use vase2.png>
Package pdftex.def Info: vase2.png  used on input line 57.
(pdftex.def)             Requested size: 345.0pt x 271.47441pt.

! LaTeX Error: \begin{figure} on input line 33 ended by \end{subfigure}.

See the LaTeX manual or LaTeX Companion for explanation.
Type  H <return>  for immediate help.
 ...                                              
                                                  
l.59     \end{subfigure}
                        
? 

LaTeX Warning: Float too large for page by 1243.71146pt on input line 63.

[1

{C:/Users/pooya/AppData/Local/MiKTeX/fonts/map/pdftex/pdftex.map}]

LaTeX Warning: `!h' float specifier changed to `!ht'.

[2] [3 <D:/UNIPD/Lessons/3D Data Processing/3DP_lab_3/report/bunny1.png> <D:/UN
IPD/Lessons/3D Data Processing/3DP_lab_3/report/dragon1.png> <D:/UNIPD/Lessons/
3D Data Processing/3DP_lab_3/report/vase1.png> <D:/UNIPD/Lessons/3D Data Proces
sing/3DP_lab_3/report/bunny2.png> <D:/UNIPD/Lessons/3D Data Processing/3DP_lab_
3/report/dragon2.png> <D:/UNIPD/Lessons/3D Data Processing/3DP_lab_3/report/vas
e2.png>] (Report.aux)

LaTeX Warning: There were undefined references.


LaTeX Warning: Label(s) may have changed. Rerun to get cross-references right.

 ) 
Here is how much of TeX's memory you used:
 2675 strings out of 475385
 44882 string characters out of 2776908
 389252 words of memory out of 3000000
 24033 multiletter control sequences out of 15000+600000
 475145 words of font info for 49 fonts, out of 8000000 for 9000
 1141 hyphenation exceptions out of 8191
 60i,8n,67p,417b,241s stack positions out of 10000i,1000n,20000p,200000b,80000s
 <C:\Users\pooya\AppData\Local\MiKTeX\fonts/pk/ljfour/jknappen/ec/dpi600\tcrm
1000.pk><C:/Users/pooya/AppData/Local/Programs/MiKTeX/fonts/type1/public/amsfon
ts/cm/cmbx10.pfb><C:/Users/pooya/AppData/Local/Programs/MiKTeX/fonts/type1/publ
ic/amsfonts/cm/cmbx12.pfb><C:/Users/pooya/AppData/Local/Programs/MiKTeX/fonts/t
ype1/public/amsfonts/cm/cmr10.pfb><C:/Users/pooya/AppData/Local/Programs/MiKTeX
/fonts/type1/public/amsfonts/cm/cmr12.pfb><C:/Users/pooya/AppData/Local/Program
s/MiKTeX/fonts/type1/public/amsfonts/cm/cmr17.pfb><C:/Users/pooya/AppData/Local
/Programs/MiKTeX/fonts/type1/public/amsfonts/cm/cmtt10.pfb>
Output written on Report.pdf (3 pages, 267539 bytes).
PDF statistics:
 60 PDF objects out of 1000 (max. 8388607)
 0 named destinations out of 1000 (max. 500000)
 31 words of extra memory for PDF output out of 10000 (max. 10000000)

